[[1;34mINFO[m] Scanning for projects...
[[1;34mINFO[m] 
[[1;34mINFO[m] [1m-----------------< [0;36mcom.momentsmanager:moments-manager[0;1m >-----------------[m
[[1;34mINFO[m] [1mBuilding moments-manager 0.0.1-SNAPSHOT[m
[[1;34mINFO[m] [1m--------------------------------[ jar ]---------------------------------[m
[[1;34mINFO[m] 
[[1;34mINFO[m] [1m>>> [0;32mspring-boot-maven-plugin:3.2.0:run[m [1m(default-cli)[0;1m > [0;1mtest-compile[m @ [36mmoments-manager[0;1m >>>[m
[[1;34mINFO[m] 
[[1;34mINFO[m] [1m--- [0;32mmaven-resources-plugin:3.3.1:resources[m [1m(default-resources)[m @ [36mmoments-manager[0;1m ---[m
[[1;34mINFO[m] Copying 1 resource from src/main/resources to target/classes
[[1;34mINFO[m] Copying 20 resources from src/main/resources to target/classes
[[1;34mINFO[m] 
[[1;34mINFO[m] [1m--- [0;32mmaven-compiler-plugin:3.11.0:compile[m [1m(default-compile)[m @ [36mmoments-manager[0;1m ---[m
[[1;34mINFO[m] Changes detected - recompiling the module! :source
[[1;34mINFO[m] Compiling 26 source files with javac [debug release 17] to target/classes
[[1;34mINFO[m] Annotation processing is enabled because one or more processors were found
  on the class path. A future release of javac may disable annotation processing
  unless at least one processor is specified by name (-processor), or a search
  path is specified (--processor-path, --processor-module-path), or annotation
  processing is enabled explicitly (-proc:only, -proc:full).
  Use -Xlint:-options to suppress this message.
  Use -proc:none to disable annotation processing.
[[1;34mINFO[m] 
[[1;34mINFO[m] [1m--- [0;32mmaven-resources-plugin:3.3.1:testResources[m [1m(default-testResources)[m @ [36mmoments-manager[0;1m ---[m
[[1;34mINFO[m] skip non existing resourceDirectory /home/anilhemnani/moments-manager/src/test/resources
[[1;34mINFO[m] 
[[1;34mINFO[m] [1m--- [0;32mmaven-compiler-plugin:3.11.0:testCompile[m [1m(default-testCompile)[m @ [36mmoments-manager[0;1m ---[m
[[1;34mINFO[m] Changes detected - recompiling the module! :dependency
[[1;34mINFO[m] Compiling 1 source file with javac [debug release 17] to target/test-classes
[[1;34mINFO[m] Annotation processing is enabled because one or more processors were found
  on the class path. A future release of javac may disable annotation processing
  unless at least one processor is specified by name (-processor), or a search
  path is specified (--processor-path, --processor-module-path), or annotation
  processing is enabled explicitly (-proc:only, -proc:full).
  Use -Xlint:-options to suppress this message.
  Use -proc:none to disable annotation processing.
[[1;34mINFO[m] 
[[1;34mINFO[m] [1m<<< [0;32mspring-boot-maven-plugin:3.2.0:run[m [1m(default-cli)[0;1m < [0;1mtest-compile[m @ [36mmoments-manager[0;1m <<<[m
[[1;34mINFO[m] 
[[1;34mINFO[m] 
[[1;34mINFO[m] [1m--- [0;32mspring-boot-maven-plugin:3.2.0:run[m [1m(default-cli)[m @ [36mmoments-manager[0;1m ---[m
[[1;34mINFO[m] Attaching agents: []

  .   ____          _            __ _ _
 /\\ / ___'_ __ _ _(_)_ __  __ _ \ \ \ \
( ( )\___ | '_ | '_| | '_ \/ _` | \ \ \ \
 \\/  ___)| |_)| | | | | || (_| |  ) ) ) )
  '  |____| .__|_| |_|_| |_\__, | / / / /
 =========|_|==============|___/=/_/_/_/
 :: Spring Boot ::                (v3.2.0)

2026-01-01T12:23:35.798Z  INFO 6428 --- [  restartedMain] c.m.MomentsManagerApplication            : Starting MomentsManagerApplication using Java 21.0.9 with PID 6428 (/home/anilhemnani/moments-manager/target/classes started by anilhemnani in /home/anilhemnani/moments-manager)
2026-01-01T12:23:35.807Z DEBUG 6428 --- [  restartedMain] c.m.MomentsManagerApplication            : Running with Spring Boot v3.2.0, Spring v6.1.1
2026-01-01T12:23:35.813Z  INFO 6428 --- [  restartedMain] c.m.MomentsManagerApplication            : No active profile set, falling back to 1 default profile: "default"
2026-01-01T12:23:36.044Z  INFO 6428 --- [  restartedMain] .e.DevToolsPropertyDefaultsPostProcessor : Devtools property defaults active! Set 'spring.devtools.add-properties' to 'false' to disable
2026-01-01T12:23:36.044Z  INFO 6428 --- [  restartedMain] .e.DevToolsPropertyDefaultsPostProcessor : For additional web related logging consider setting the 'logging.level.web' property to 'DEBUG'
2026-01-01T12:23:38.837Z  INFO 6428 --- [  restartedMain] .s.d.r.c.RepositoryConfigurationDelegate : Bootstrapping Spring Data JPA repositories in DEFAULT mode.
2026-01-01T12:23:38.959Z  INFO 6428 --- [  restartedMain] .s.d.r.c.RepositoryConfigurationDelegate : Finished Spring Data repository scanning in 110 ms. Found 7 JPA repository interfaces.
2026-01-01T12:23:40.103Z  INFO 6428 --- [  restartedMain] o.s.b.w.embedded.tomcat.TomcatWebServer  : Tomcat initialized with port 8080 (http)
2026-01-01T12:23:40.116Z  INFO 6428 --- [  restartedMain] o.apache.catalina.core.StandardService   : Starting service [Tomcat]
2026-01-01T12:23:40.116Z  INFO 6428 --- [  restartedMain] o.apache.catalina.core.StandardEngine    : Starting Servlet engine: [Apache Tomcat/10.1.16]
2026-01-01T12:23:40.161Z  INFO 6428 --- [  restartedMain] o.a.c.c.C.[Tomcat].[localhost].[/]       : Initializing Spring embedded WebApplicationContext
2026-01-01T12:23:40.162Z  INFO 6428 --- [  restartedMain] w.s.c.ServletWebServerApplicationContext : Root WebApplicationContext: initialization completed in 4116 ms
2026-01-01T12:23:40.331Z  INFO 6428 --- [  restartedMain] com.zaxxer.hikari.HikariDataSource       : HikariPool-1 - Starting...
2026-01-01T12:23:40.522Z  INFO 6428 --- [  restartedMain] com.zaxxer.hikari.pool.HikariPool        : HikariPool-1 - Added connection conn0: url=jdbc:h2:mem:weddingdb user=SA
2026-01-01T12:23:40.524Z  INFO 6428 --- [  restartedMain] com.zaxxer.hikari.HikariDataSource       : HikariPool-1 - Start completed.
2026-01-01T12:23:40.538Z  INFO 6428 --- [  restartedMain] o.s.b.a.h2.H2ConsoleAutoConfiguration    : H2 console available at '/h2-console'. Database available at 'jdbc:h2:mem:weddingdb'
2026-01-01T12:23:40.698Z DEBUG 6428 --- [  restartedMain] liquibase.servicelocator                 : Loaded liquibase.configuration.AutoloadedConfigurations instance liquibase.GlobalConfiguration
2026-01-01T12:23:40.701Z DEBUG 6428 --- [  restartedMain] liquibase.servicelocator                 : Loaded liquibase.configuration.AutoloadedConfigurations instance liquibase.integration.commandline.LiquibaseCommandLineConfiguration
2026-01-01T12:23:40.701Z DEBUG 6428 --- [  restartedMain] liquibase.servicelocator                 : Loaded liquibase.configuration.AutoloadedConfigurations instance liquibase.logging.core.DefaultLoggerConfiguration
2026-01-01T12:23:40.702Z DEBUG 6428 --- [  restartedMain] liquibase.servicelocator                 : Loaded liquibase.configuration.AutoloadedConfigurations instance liquibase.sql.SqlConfiguration
2026-01-01T12:23:40.705Z DEBUG 6428 --- [  restartedMain] liquibase.servicelocator                 : Loaded liquibase.configuration.AutoloadedConfigurations instance liquibase.parser.ChangeLogParserConfiguration
2026-01-01T12:23:40.705Z DEBUG 6428 --- [  restartedMain] liquibase.configuration                  : Found ConfigurationDefinitions in liquibase.GlobalConfiguration
2026-01-01T12:23:40.705Z DEBUG 6428 --- [  restartedMain] liquibase.configuration                  : Found ConfigurationDefinitions in liquibase.integration.commandline.LiquibaseCommandLineConfiguration
2026-01-01T12:23:40.705Z DEBUG 6428 --- [  restartedMain] liquibase.configuration                  : Found ConfigurationDefinitions in liquibase.logging.core.DefaultLoggerConfiguration
2026-01-01T12:23:40.705Z DEBUG 6428 --- [  restartedMain] liquibase.configuration                  : Found ConfigurationDefinitions in liquibase.sql.SqlConfiguration
2026-01-01T12:23:40.705Z DEBUG 6428 --- [  restartedMain] liquibase.configuration                  : Found ConfigurationDefinitions in liquibase.parser.ChangeLogParserConfiguration
2026-01-01T12:23:40.708Z DEBUG 6428 --- [  restartedMain] liquibase.servicelocator                 : Loaded liquibase.configuration.ConfigurationValueProvider instance liquibase.configuration.core.DeprecatedConfigurationValueProvider
2026-01-01T12:23:40.709Z DEBUG 6428 --- [  restartedMain] liquibase.servicelocator                 : Loaded liquibase.configuration.ConfigurationValueProvider instance liquibase.configuration.core.SystemPropertyValueProvider
2026-01-01T12:23:40.709Z DEBUG 6428 --- [  restartedMain] liquibase.servicelocator                 : Loaded liquibase.configuration.ConfigurationValueProvider instance liquibase.configuration.core.ScopeValueProvider
2026-01-01T12:23:40.710Z DEBUG 6428 --- [  restartedMain] liquibase.servicelocator                 : Loaded liquibase.configuration.ConfigurationValueProvider instance liquibase.configuration.core.EnvironmentValueProvider
2026-01-01T12:23:40.715Z DEBUG 6428 --- [  restartedMain] liquibase.servicelocator                 : Loaded liquibase.logging.LogService instance liquibase.logging.core.BufferedLogService
2026-01-01T12:23:40.716Z DEBUG 6428 --- [  restartedMain] liquibase.servicelocator                 : Loaded liquibase.logging.LogService instance liquibase.logging.core.CompositeLogService
2026-01-01T12:23:40.716Z DEBUG 6428 --- [  restartedMain] liquibase.servicelocator                 : Loaded liquibase.logging.LogService instance liquibase.logging.core.JavaLogService
2026-01-01T12:23:40.717Z DEBUG 6428 --- [  restartedMain] liquibase.servicelocator                 : Loaded liquibase.servicelocator.ServiceLocator instance liquibase.servicelocator.StandardServiceLocator
2026-01-01T12:23:40.731Z DEBUG 6428 --- [  restartedMain] liquibase.configuration                  : No configuration value for liquibase.shouldRun aka should.run found
2026-01-01T12:23:40.731Z DEBUG 6428 --- [  restartedMain] liquibase.configuration                  : Configuration liquibase.shouldRun is using the default value of true
2026-01-01T12:23:40.747Z DEBUG 6428 --- [  restartedMain] liquibase.servicelocator                 : Loaded liquibase.database.jvm.ConnectionPatterns instance liquibase.database.jvm.JdbcConnectionPatterns
2026-01-01T12:23:40.760Z DEBUG 6428 --- [  restartedMain] liquibase.servicelocator                 : Loaded liquibase.database.Database instance liquibase.database.core.CockroachDatabase
2026-01-01T12:23:40.761Z DEBUG 6428 --- [  restartedMain] liquibase.servicelocator                 : Loaded liquibase.database.Database instance liquibase.database.core.DB2Database
2026-01-01T12:23:40.762Z DEBUG 6428 --- [  restartedMain] liquibase.servicelocator                 : Loaded liquibase.database.Database instance liquibase.database.core.Db2zDatabase
2026-01-01T12:23:40.765Z DEBUG 6428 --- [  restartedMain] liquibase.servicelocator                 : Loaded liquibase.database.Database instance liquibase.database.core.DerbyDatabase
2026-01-01T12:23:40.766Z DEBUG 6428 --- [  restartedMain] liquibase.servicelocator                 : Loaded liquibase.database.Database instance liquibase.database.core.EnterpriseDBDatabase
2026-01-01T12:23:40.767Z DEBUG 6428 --- [  restartedMain] liquibase.servicelocator                 : Loaded liquibase.database.Database instance liquibase.database.core.FirebirdDatabase
2026-01-01T12:23:40.769Z DEBUG 6428 --- [  restartedMain] liquibase.servicelocator                 : Loaded liquibase.database.Database instance liquibase.database.core.H2Database
2026-01-01T12:23:40.772Z DEBUG 6428 --- [  restartedMain] liquibase.servicelocator                 : Loaded liquibase.database.Database instance liquibase.database.core.HsqlDatabase
2026-01-01T12:23:40.774Z DEBUG 6428 --- [  restartedMain] liquibase.servicelocator                 : Loaded liquibase.database.Database instance liquibase.database.core.InformixDatabase
2026-01-01T12:23:40.776Z DEBUG 6428 --- [  restartedMain] liquibase.servicelocator                 : Loaded liquibase.database.Database instance liquibase.database.core.Ingres9Database
2026-01-01T12:23:40.779Z DEBUG 6428 --- [  restartedMain] liquibase.servicelocator                 : Loaded liquibase.database.Database instance liquibase.database.core.MSSQLDatabase
2026-01-01T12:23:40.782Z DEBUG 6428 --- [  restartedMain] liquibase.servicelocator                 : Loaded liquibase.database.Database instance liquibase.database.core.MariaDBDatabase
2026-01-01T12:23:40.785Z DEBUG 6428 --- [  restartedMain] liquibase.servicelocator                 : Loaded liquibase.database.Database instance liquibase.database.core.MockDatabase
2026-01-01T12:23:40.785Z DEBUG 6428 --- [  restartedMain] liquibase.servicelocator                 : Loaded liquibase.database.Database instance liquibase.database.core.MySQLDatabase
2026-01-01T12:23:40.788Z DEBUG 6428 --- [  restartedMain] liquibase.servicelocator                 : Loaded liquibase.database.Database instance liquibase.database.core.OracleDatabase
2026-01-01T12:23:40.791Z DEBUG 6428 --- [  restartedMain] liquibase.servicelocator                 : Loaded liquibase.database.Database instance liquibase.database.core.PostgresDatabase
2026-01-01T12:23:40.795Z DEBUG 6428 --- [  restartedMain] liquibase.servicelocator                 : Loaded liquibase.database.Database instance liquibase.database.core.SQLiteDatabase
2026-01-01T12:23:40.797Z DEBUG 6428 --- [  restartedMain] liquibase.servicelocator                 : Loaded liquibase.database.Database instance liquibase.database.core.SybaseASADatabase
2026-01-01T12:23:40.799Z DEBUG 6428 --- [  restartedMain] liquibase.servicelocator                 : Loaded liquibase.database.Database instance liquibase.database.core.SybaseDatabase
2026-01-01T12:23:40.802Z DEBUG 6428 --- [  restartedMain] liquibase.servicelocator                 : Loaded liquibase.database.Database instance liquibase.database.core.UnsupportedDatabase
2026-01-01T12:23:40.805Z DEBUG 6428 --- [  restartedMain] liquibase.servicelocator                 : Loaded liquibase.database.Database instance liquibase.database.core.SnowflakeDatabase
2026-01-01T12:23:40.846Z DEBUG 6428 --- [  restartedMain] liquibase.database                       : Connected to SA@jdbc:h2:mem:weddingdb
2026-01-01T12:23:40.846Z DEBUG 6428 --- [  restartedMain] liquibase.database                       : Setting auto commit to false from true
2026-01-01T12:23:40.856Z  INFO 6428 --- [  restartedMain] liquibase.database                       : Set default schema name to PUBLIC
2026-01-01T12:23:40.857Z DEBUG 6428 --- [  restartedMain] liquibase.configuration                  : No configuration value for liquibase.liquibaseSchemaName aka liquibase.schemaName found
2026-01-01T12:23:40.860Z DEBUG 6428 --- [  restartedMain] liquibase.configuration                  : No configuration value for liquibase.supportPropertyEscaping aka enableEscaping found
2026-01-01T12:23:40.860Z DEBUG 6428 --- [  restartedMain] liquibase.configuration                  : Configuration liquibase.supportPropertyEscaping is using the default value of false
2026-01-01T12:23:40.882Z DEBUG 6428 --- [  restartedMain] liquibase.servicelocator                 : Loaded liquibase.command.CommandStep instance liquibase.command.core.CalculateChecksumCommandStep
2026-01-01T12:23:40.883Z DEBUG 6428 --- [  restartedMain] liquibase.servicelocator                 : Loaded liquibase.command.CommandStep instance liquibase.command.core.ChangelogSyncCommandStep
2026-01-01T12:23:40.884Z DEBUG 6428 --- [  restartedMain] liquibase.servicelocator                 : Loaded liquibase.command.CommandStep instance liquibase.command.core.ChangelogSyncSqlCommandStep
2026-01-01T12:23:40.884Z DEBUG 6428 --- [  restartedMain] liquibase.servicelocator                 : Loaded liquibase.command.CommandStep instance liquibase.command.core.ChangelogSyncToTagCommandStep
2026-01-01T12:23:40.885Z DEBUG 6428 --- [  restartedMain] liquibase.servicelocator                 : Loaded liquibase.command.CommandStep instance liquibase.command.core.ChangelogSyncToTagSqlCommandStep
2026-01-01T12:23:40.886Z DEBUG 6428 --- [  restartedMain] liquibase.servicelocator                 : Loaded liquibase.command.CommandStep instance liquibase.command.core.ClearChecksumsCommandStep
2026-01-01T12:23:40.887Z DEBUG 6428 --- [  restartedMain] liquibase.servicelocator                 : Loaded liquibase.command.CommandStep instance liquibase.command.core.DbDocCommandStep
2026-01-01T12:23:40.889Z DEBUG 6428 --- [  restartedMain] liquibase.servicelocator                 : Loaded liquibase.command.CommandStep instance liquibase.command.core.DiffChangelogCommandStep
2026-01-01T12:23:40.891Z DEBUG 6428 --- [  restartedMain] liquibase.servicelocator                 : Loaded liquibase.command.CommandStep instance liquibase.command.core.DiffCommandStep
2026-01-01T12:23:40.893Z DEBUG 6428 --- [  restartedMain] liquibase.servicelocator                 : Loaded liquibase.command.CommandStep instance liquibase.command.core.DropAllCommandStep
2026-01-01T12:23:40.894Z DEBUG 6428 --- [  restartedMain] liquibase.servicelocator                 : Loaded liquibase.command.CommandStep instance liquibase.command.core.ExecuteSqlCommandStep
2026-01-01T12:23:40.896Z DEBUG 6428 --- [  restartedMain] liquibase.servicelocator                 : Loaded liquibase.command.CommandStep instance liquibase.command.core.FutureRollbackCountSqlCommandStep
2026-01-01T12:23:40.897Z DEBUG 6428 --- [  restartedMain] liquibase.servicelocator                 : Loaded liquibase.command.CommandStep instance liquibase.command.core.FutureRollbackFromTagSqlCommandStep
2026-01-01T12:23:40.898Z DEBUG 6428 --- [  restartedMain] liquibase.servicelocator                 : Loaded liquibase.command.CommandStep instance liquibase.command.core.FutureRollbackSqlCommandStep
2026-01-01T12:23:40.900Z DEBUG 6428 --- [  restartedMain] liquibase.servicelocator                 : Loaded liquibase.command.CommandStep instance liquibase.command.core.GenerateChangelogCommandStep
2026-01-01T12:23:40.903Z DEBUG 6428 --- [  restartedMain] liquibase.servicelocator                 : Loaded liquibase.command.CommandStep instance liquibase.command.core.HistoryCommandStep
2026-01-01T12:23:40.912Z DEBUG 6428 --- [  restartedMain] liquibase.servicelocator                 : Loaded liquibase.command.CommandStep instance liquibase.command.core.InternalHistoryCommandStep
2026-01-01T12:23:40.913Z DEBUG 6428 --- [  restartedMain] liquibase.servicelocator                 : Loaded liquibase.command.CommandStep instance liquibase.command.core.InternalSnapshotCommandStep
2026-01-01T12:23:40.914Z DEBUG 6428 --- [  restartedMain] liquibase.servicelocator                 : Loaded liquibase.command.CommandStep instance liquibase.command.core.ListLocksCommandStep
2026-01-01T12:23:40.915Z DEBUG 6428 --- [  restartedMain] liquibase.servicelocator                 : Loaded liquibase.command.CommandStep instance liquibase.command.core.MarkNextChangesetRanCommandStep
2026-01-01T12:23:40.916Z DEBUG 6428 --- [  restartedMain] liquibase.servicelocator                 : Loaded liquibase.command.CommandStep instance liquibase.command.core.MarkNextChangesetRanSqlCommandStep
2026-01-01T12:23:40.916Z DEBUG 6428 --- [  restartedMain] liquibase.servicelocator                 : Loaded liquibase.command.CommandStep instance liquibase.command.core.ReleaseLocksCommandStep
2026-01-01T12:23:40.920Z DEBUG 6428 --- [  restartedMain] liquibase.servicelocator                 : Loaded liquibase.command.CommandStep instance liquibase.command.core.RollbackCommandStep
2026-01-01T12:23:40.921Z DEBUG 6428 --- [  restartedMain] liquibase.servicelocator                 : Loaded liquibase.command.CommandStep instance liquibase.command.core.RollbackCountCommandStep
2026-01-01T12:23:40.922Z DEBUG 6428 --- [  restartedMain] liquibase.servicelocator                 : Loaded liquibase.command.CommandStep instance liquibase.command.core.RollbackCountSqlCommandStep
2026-01-01T12:23:40.923Z DEBUG 6428 --- [  restartedMain] liquibase.servicelocator                 : Loaded liquibase.command.CommandStep instance liquibase.command.core.RollbackSqlCommandStep
2026-01-01T12:23:40.924Z DEBUG 6428 --- [  restartedMain] liquibase.servicelocator                 : Loaded liquibase.command.CommandStep instance liquibase.command.core.RollbackToDateCommandStep
2026-01-01T12:23:40.925Z DEBUG 6428 --- [  restartedMain] liquibase.servicelocator                 : Loaded liquibase.command.CommandStep instance liquibase.command.core.RollbackToDateSqlCommandStep
2026-01-01T12:23:40.926Z DEBUG 6428 --- [  restartedMain] liquibase.servicelocator                 : Loaded liquibase.command.CommandStep instance liquibase.command.core.SnapshotCommandStep
2026-01-01T12:23:40.927Z DEBUG 6428 --- [  restartedMain] liquibase.servicelocator                 : Loaded liquibase.command.CommandStep instance liquibase.command.core.SnapshotReferenceCommandStep
2026-01-01T12:23:40.929Z DEBUG 6428 --- [  restartedMain] liquibase.servicelocator                 : Loaded liquibase.command.CommandStep instance liquibase.command.core.StartH2CommandStep
2026-01-01T12:23:40.931Z DEBUG 6428 --- [  restartedMain] liquibase.servicelocator                 : Loaded liquibase.command.CommandStep instance liquibase.command.core.StatusCommandStep
2026-01-01T12:23:40.932Z DEBUG 6428 --- [  restartedMain] liquibase.servicelocator                 : Loaded liquibase.command.CommandStep instance liquibase.command.core.TagCommandStep
2026-01-01T12:23:40.933Z DEBUG 6428 --- [  restartedMain] liquibase.servicelocator                 : Loaded liquibase.command.CommandStep instance liquibase.command.core.TagExistsCommandStep
2026-01-01T12:23:40.934Z DEBUG 6428 --- [  restartedMain] liquibase.servicelocator                 : Loaded liquibase.command.CommandStep instance liquibase.command.core.UnexpectedChangesetsCommandStep
2026-01-01T12:23:40.935Z DEBUG 6428 --- [  restartedMain] liquibase.servicelocator                 : Loaded liquibase.command.CommandStep instance liquibase.command.core.UpdateCommandStep
2026-01-01T12:23:40.936Z DEBUG 6428 --- [  restartedMain] liquibase.servicelocator                 : Loaded liquibase.command.CommandStep instance liquibase.command.core.UpdateCountCommandStep
2026-01-01T12:23:40.937Z DEBUG 6428 --- [  restartedMain] liquibase.servicelocator                 : Loaded liquibase.command.CommandStep instance liquibase.command.core.UpdateCountSqlCommandStep
2026-01-01T12:23:40.940Z DEBUG 6428 --- [  restartedMain] liquibase.servicelocator                 : Loaded liquibase.command.CommandStep instance liquibase.command.core.UpdateSqlCommandStep
2026-01-01T12:23:40.941Z DEBUG 6428 --- [  restartedMain] liquibase.servicelocator                 : Loaded liquibase.command.CommandStep instance liquibase.command.core.UpdateTestingRollbackCommandStep
2026-01-01T12:23:40.943Z DEBUG 6428 --- [  restartedMain] liquibase.servicelocator                 : Loaded liquibase.command.CommandStep instance liquibase.command.core.UpdateToTagCommandStep
2026-01-01T12:23:40.944Z DEBUG 6428 --- [  restartedMain] liquibase.servicelocator                 : Loaded liquibase.command.CommandStep instance liquibase.command.core.UpdateToTagSqlCommandStep
2026-01-01T12:23:40.947Z DEBUG 6428 --- [  restartedMain] liquibase.servicelocator                 : Loaded liquibase.command.CommandStep instance liquibase.command.core.ValidateCommandStep
2026-01-01T12:23:40.948Z DEBUG 6428 --- [  restartedMain] liquibase.servicelocator                 : Loaded liquibase.command.CommandStep instance liquibase.command.core.helpers.ChangeExecListenerCommandStep
2026-01-01T12:23:40.952Z DEBUG 6428 --- [  restartedMain] liquibase.servicelocator                 : Loaded liquibase.command.CommandStep instance liquibase.command.core.helpers.DatabaseChangelogCommandStep
2026-01-01T12:23:40.954Z DEBUG 6428 --- [  restartedMain] liquibase.servicelocator                 : Loaded liquibase.command.CommandStep instance liquibase.command.core.helpers.DbUrlConnectionCommandStep
2026-01-01T12:23:40.956Z DEBUG 6428 --- [  restartedMain] liquibase.servicelocator                 : Loaded liquibase.command.CommandStep instance liquibase.command.core.helpers.DiffOutputControlCommandStep
2026-01-01T12:23:40.957Z DEBUG 6428 --- [  restartedMain] liquibase.servicelocator                 : Loaded liquibase.command.CommandStep instance liquibase.command.core.helpers.LockServiceCommandStep
2026-01-01T12:23:40.958Z DEBUG 6428 --- [  restartedMain] liquibase.servicelocator                 : Loaded liquibase.command.CommandStep instance liquibase.command.core.helpers.OutputWriterCommandStep
2026-01-01T12:23:40.960Z DEBUG 6428 --- [  restartedMain] liquibase.servicelocator                 : Loaded liquibase.command.CommandStep instance liquibase.command.core.helpers.PreCompareCommandStep
2026-01-01T12:23:40.961Z DEBUG 6428 --- [  restartedMain] liquibase.servicelocator                 : Loaded liquibase.command.CommandStep instance liquibase.command.core.helpers.ReferenceDatabaseOutputWriterCommandStep
2026-01-01T12:23:40.963Z DEBUG 6428 --- [  restartedMain] liquibase.servicelocator                 : Loaded liquibase.command.CommandStep instance liquibase.command.core.helpers.ReferenceDbUrlConnectionCommandStep
2026-01-01T12:23:40.965Z DEBUG 6428 --- [  restartedMain] liquibase.servicelocator                 : Loaded liquibase.command.CommandStep instance liquibase.command.core.helpers.ShowSummaryArgument
2026-01-01T12:23:40.976Z DEBUG 6428 --- [  restartedMain] liquibase.servicelocator                 : Loaded liquibase.logging.mdc.MdcManager instance liquibase.logging.mdc.NoOpMdcManager
2026-01-01T12:23:40.979Z DEBUG 6428 --- [  restartedMain] liquibase.configuration                  : No configuration value for liquibase.strict found
2026-01-01T12:23:40.979Z DEBUG 6428 --- [  restartedMain] liquibase.configuration                  : Configuration liquibase.strict is using the default value of false
2026-01-01T12:23:40.982Z DEBUG 6428 --- [  restartedMain] liquibase.configuration                  : No configuration value for liquibase.command.update.changeExecListener found
2026-01-01T12:23:40.983Z DEBUG 6428 --- [  restartedMain] liquibase.configuration                  : No configuration value for liquibase.command.changeExecListener found
2026-01-01T12:23:40.985Z DEBUG 6428 --- [  restartedMain] liquibase.configuration                  : No configuration value for liquibase.command.update.changeExecListenerClass found
2026-01-01T12:23:40.985Z DEBUG 6428 --- [  restartedMain] liquibase.configuration                  : No configuration value for liquibase.command.changeExecListenerClass found
2026-01-01T12:23:40.986Z DEBUG 6428 --- [  restartedMain] liquibase.configuration                  : No configuration value for liquibase.command.update.changeExecListenerPropertiesFile found
2026-01-01T12:23:40.987Z DEBUG 6428 --- [  restartedMain] liquibase.configuration                  : No configuration value for liquibase.command.changeExecListenerPropertiesFile found
2026-01-01T12:23:40.990Z DEBUG 6428 --- [  restartedMain] liquibase.configuration                  : Found 'liquibase.command.update.changelogFile' configuration of 'classpath:db/changelog/db.changelog-master.xml'
    command argument 'changelogFile' of 'classpath:db/changelog/db.changelog-master.xml'
2026-01-01T12:23:40.991Z DEBUG 6428 --- [  restartedMain] liquibase.configuration                  : Found 'liquibase.command.update.changelogParameters' configuration of 'liquibase.changelog.ChangeLogParameters@3b41f80a'
    command argument 'changelogParameters' of 'liquibase.changelog.ChangeLogParameters@3b41f80a'
2026-01-01T12:23:40.993Z DEBUG 6428 --- [  restartedMain] liquibase.configuration                  : No configuration value for liquibase.command.update.contextFilter aka liquibase.command.update.contexts found
2026-01-01T12:23:40.994Z DEBUG 6428 --- [  restartedMain] liquibase.configuration                  : No configuration value for liquibase.command.contextFilter aka liquibase.command.contexts found
2026-01-01T12:23:40.996Z DEBUG 6428 --- [  restartedMain] liquibase.configuration                  : Found 'liquibase.command.update.database' configuration of 'SA @ jdbc:h2:mem:weddingdb (Default Schema: PUBLIC)'
    command argument 'database' of 'SA @ jdbc:h2:mem:weddingdb (Default Schema: PUBLIC)'
2026-01-01T12:23:40.997Z DEBUG 6428 --- [  restartedMain] liquibase.configuration                  : No configuration value for liquibase.command.update.databaseChangelog found
2026-01-01T12:23:40.998Z DEBUG 6428 --- [  restartedMain] liquibase.configuration                  : No configuration value for liquibase.command.databaseChangelog found
2026-01-01T12:23:41.018Z DEBUG 6428 --- [  restartedMain] liquibase.configuration                  : No configuration value for liquibase.command.update.defaultCatalogName found
2026-01-01T12:23:41.019Z DEBUG 6428 --- [  restartedMain] liquibase.configuration                  : No configuration value for liquibase.command.defaultCatalogName found
2026-01-01T12:23:41.020Z DEBUG 6428 --- [  restartedMain] liquibase.configuration                  : No configuration value for liquibase.command.update.defaultSchemaName found
2026-01-01T12:23:41.020Z DEBUG 6428 --- [  restartedMain] liquibase.configuration                  : No configuration value for liquibase.command.defaultSchemaName found
2026-01-01T12:23:41.021Z DEBUG 6428 --- [  restartedMain] liquibase.configuration                  : No configuration value for liquibase.command.update.driver found
2026-01-01T12:23:41.022Z DEBUG 6428 --- [  restartedMain] liquibase.configuration                  : No configuration value for liquibase.command.driver found
2026-01-01T12:23:41.023Z DEBUG 6428 --- [  restartedMain] liquibase.configuration                  : No configuration value for liquibase.command.update.driverPropertiesFile found
2026-01-01T12:23:41.023Z DEBUG 6428 --- [  restartedMain] liquibase.configuration                  : No configuration value for liquibase.command.driverPropertiesFile found
2026-01-01T12:23:41.024Z DEBUG 6428 --- [  restartedMain] liquibase.configuration                  : No configuration value for liquibase.command.update.labelFilter aka liquibase.command.update.labels found
2026-01-01T12:23:41.025Z DEBUG 6428 --- [  restartedMain] liquibase.configuration                  : No configuration value for liquibase.command.labelFilter aka liquibase.command.labels found
2026-01-01T12:23:41.026Z DEBUG 6428 --- [  restartedMain] liquibase.configuration                  : No configuration value for liquibase.command.update.password found
2026-01-01T12:23:41.027Z DEBUG 6428 --- [  restartedMain] liquibase.configuration                  : No configuration value for liquibase.command.password found
2026-01-01T12:23:41.028Z DEBUG 6428 --- [  restartedMain] liquibase.configuration                  : No configuration value for liquibase.command.update.showSummary found
2026-01-01T12:23:41.028Z DEBUG 6428 --- [  restartedMain] liquibase.configuration                  : Configuration liquibase.command.update.showSummary is using the default value of SUMMARY
2026-01-01T12:23:41.029Z DEBUG 6428 --- [  restartedMain] liquibase.configuration                  : No configuration value for liquibase.command.showSummary found
2026-01-01T12:23:41.029Z DEBUG 6428 --- [  restartedMain] liquibase.configuration                  : Configuration liquibase.command.showSummary is using the default value of SUMMARY
2026-01-01T12:23:41.030Z DEBUG 6428 --- [  restartedMain] liquibase.configuration                  : Found 'liquibase.command.update.showSummaryOutput' configuration of 'LOG'
    command argument 'showSummaryOutput' of 'LOG'
2026-01-01T12:23:41.031Z DEBUG 6428 --- [  restartedMain] liquibase.configuration                  : No configuration value for liquibase.command.update.skipDatabaseStep found
2026-01-01T12:23:41.031Z DEBUG 6428 --- [  restartedMain] liquibase.configuration                  : Configuration liquibase.command.update.skipDatabaseStep is using the default value of false
2026-01-01T12:23:41.032Z DEBUG 6428 --- [  restartedMain] liquibase.configuration                  : No configuration value for liquibase.command.skipDatabaseStep found
2026-01-01T12:23:41.032Z DEBUG 6428 --- [  restartedMain] liquibase.configuration                  : Configuration liquibase.command.skipDatabaseStep is using the default value of false
2026-01-01T12:23:41.033Z DEBUG 6428 --- [  restartedMain] liquibase.configuration                  : No configuration value for liquibase.command.update.updateNullChecksums found
2026-01-01T12:23:41.033Z DEBUG 6428 --- [  restartedMain] liquibase.configuration                  : Configuration liquibase.command.update.updateNullChecksums is using the default value of false
2026-01-01T12:23:41.034Z DEBUG 6428 --- [  restartedMain] liquibase.configuration                  : No configuration value for liquibase.command.updateNullChecksums found
2026-01-01T12:23:41.034Z DEBUG 6428 --- [  restartedMain] liquibase.configuration                  : Configuration liquibase.command.updateNullChecksums is using the default value of false
2026-01-01T12:23:41.037Z DEBUG 6428 --- [  restartedMain] liquibase.configuration                  : No configuration value for liquibase.command.update.url found
2026-01-01T12:23:41.037Z DEBUG 6428 --- [  restartedMain] liquibase.configuration                  : No configuration value for liquibase.command.url found
2026-01-01T12:23:41.038Z DEBUG 6428 --- [  restartedMain] liquibase.configuration                  : No configuration value for liquibase.command.update.username found
2026-01-01T12:23:41.038Z DEBUG 6428 --- [  restartedMain] liquibase.configuration                  : No configuration value for liquibase.command.username found
2026-01-01T12:23:41.040Z DEBUG 6428 --- [  restartedMain] liquibase.command                        : Pipeline for command 'update: liquibase.command.core.helpers.DbUrlConnectionCommandStep then liquibase.command.core.helpers.ShowSummaryArgument then liquibase.command.core.helpers.DatabaseChangelogCommandStep then liquibase.command.core.helpers.ChangeExecListenerCommandStep then liquibase.command.core.UpdateCommandStep
2026-01-01T12:23:41.041Z DEBUG 6428 --- [  restartedMain] liquibase.configuration                  : No configuration value for liquibase.outputFile found
2026-01-01T12:23:41.041Z DEBUG 6428 --- [  restartedMain] liquibase.configuration                  : No configuration value for liquibase.outputFileEncoding found
2026-01-01T12:23:41.041Z DEBUG 6428 --- [  restartedMain] liquibase.configuration                  : Configuration liquibase.outputFileEncoding is using the default value of UTF-8
2026-01-01T12:23:41.041Z DEBUG 6428 --- [  restartedMain] liquibase.command                        : Writing output with encoding 'UTF-8'
2026-01-01T12:23:41.042Z DEBUG 6428 --- [  restartedMain] liquibase.command                        : Executing internal command dbUrlConnectionCommandStep
2026-01-01T12:23:41.042Z DEBUG 6428 --- [  restartedMain] liquibase.configuration                  : Configuration liquibase.command.update.skipDatabaseStep is using the default value of false
2026-01-01T12:23:41.043Z DEBUG 6428 --- [  restartedMain] liquibase.configuration                  : Configuration liquibase.command.skipDatabaseStep is using the default value of false
2026-01-01T12:23:41.043Z DEBUG 6428 --- [  restartedMain] liquibase.command                        : Executing internal command showSummary
2026-01-01T12:23:41.044Z DEBUG 6428 --- [  restartedMain] liquibase.configuration                  : Configuration liquibase.command.update.showSummary is using the default value of SUMMARY
2026-01-01T12:23:41.044Z DEBUG 6428 --- [  restartedMain] liquibase.configuration                  : Configuration liquibase.command.showSummary is using the default value of SUMMARY
2026-01-01T12:23:41.044Z DEBUG 6428 --- [  restartedMain] liquibase.command                        : Executing internal command changelogCommandStep
2026-01-01T12:23:41.057Z DEBUG 6428 --- [  restartedMain] liquibase.servicelocator                 : Loaded liquibase.parser.ChangeLogParser instance liquibase.parser.core.formattedsql.FormattedSqlChangeLogParser
2026-01-01T12:23:41.059Z DEBUG 6428 --- [  restartedMain] liquibase.servicelocator                 : Loaded liquibase.parser.ChangeLogParser instance liquibase.parser.core.json.JsonChangeLogParser
2026-01-01T12:23:41.060Z DEBUG 6428 --- [  restartedMain] liquibase.servicelocator                 : Loaded liquibase.parser.ChangeLogParser instance liquibase.parser.core.sql.SqlChangeLogParser
2026-01-01T12:23:41.071Z DEBUG 6428 --- [  restartedMain] liquibase.configuration                  : No configuration value for liquibase.validateXmlChangelogFiles found
2026-01-01T12:23:41.071Z DEBUG 6428 --- [  restartedMain] liquibase.configuration                  : Configuration liquibase.validateXmlChangelogFiles is using the default value of true
2026-01-01T12:23:41.071Z DEBUG 6428 --- [  restartedMain] liquibase.configuration                  : No configuration value for liquibase.secureParsing found
2026-01-01T12:23:41.072Z DEBUG 6428 --- [  restartedMain] liquibase.configuration                  : Configuration liquibase.secureParsing is using the default value of true
2026-01-01T12:23:41.072Z DEBUG 6428 --- [  restartedMain] liquibase.servicelocator                 : Loaded liquibase.parser.ChangeLogParser instance liquibase.parser.core.xml.XMLChangeLogSAXParser
2026-01-01T12:23:41.072Z DEBUG 6428 --- [  restartedMain] liquibase.servicelocator                 : Loaded liquibase.parser.ChangeLogParser instance liquibase.parser.core.yaml.YamlChangeLogParser
2026-01-01T12:23:41.073Z DEBUG 6428 --- [  restartedMain] liquibase.parser                         : Matched file 'classpath:db/changelog/db.changelog-master.xml' to parser 'XMLChangeLogSAXParser'
2026-01-01T12:23:41.114Z DEBUG 6428 --- [  restartedMain] liquibase.servicelocator                 : Loaded liquibase.precondition.Precondition instance liquibase.precondition.CustomPreconditionWrapper
2026-01-01T12:23:41.115Z DEBUG 6428 --- [  restartedMain] liquibase.servicelocator                 : Loaded liquibase.precondition.Precondition instance liquibase.precondition.core.AndPrecondition
2026-01-01T12:23:41.116Z DEBUG 6428 --- [  restartedMain] liquibase.servicelocator                 : Loaded liquibase.precondition.Precondition instance liquibase.precondition.core.ChangeLogPropertyDefinedPrecondition
2026-01-01T12:23:41.117Z DEBUG 6428 --- [  restartedMain] liquibase.servicelocator                 : Loaded liquibase.precondition.Precondition instance liquibase.precondition.core.ChangeSetExecutedPrecondition
2026-01-01T12:23:41.118Z DEBUG 6428 --- [  restartedMain] liquibase.servicelocator                 : Loaded liquibase.precondition.Precondition instance liquibase.precondition.core.ColumnExistsPrecondition
2026-01-01T12:23:41.119Z DEBUG 6428 --- [  restartedMain] liquibase.servicelocator                 : Loaded liquibase.precondition.Precondition instance liquibase.precondition.core.DBMSPrecondition
2026-01-01T12:23:41.120Z DEBUG 6428 --- [  restartedMain] liquibase.servicelocator                 : Loaded liquibase.precondition.Precondition instance liquibase.precondition.core.ForeignKeyExistsPrecondition
2026-01-01T12:23:41.121Z DEBUG 6428 --- [  restartedMain] liquibase.servicelocator                 : Loaded liquibase.precondition.Precondition instance liquibase.precondition.core.IndexExistsPrecondition
2026-01-01T12:23:41.121Z DEBUG 6428 --- [  restartedMain] liquibase.servicelocator                 : Loaded liquibase.precondition.Precondition instance liquibase.precondition.core.NotPrecondition
2026-01-01T12:23:41.122Z DEBUG 6428 --- [  restartedMain] liquibase.servicelocator                 : Loaded liquibase.precondition.Precondition instance liquibase.precondition.core.ObjectQuotingStrategyPrecondition
2026-01-01T12:23:41.123Z DEBUG 6428 --- [  restartedMain] liquibase.servicelocator                 : Loaded liquibase.precondition.Precondition instance liquibase.precondition.core.OrPrecondition
2026-01-01T12:23:41.123Z DEBUG 6428 --- [  restartedMain] liquibase.servicelocator                 : Loaded liquibase.precondition.Precondition instance liquibase.precondition.core.PreconditionContainer
2026-01-01T12:23:41.124Z DEBUG 6428 --- [  restartedMain] liquibase.servicelocator                 : Loaded liquibase.precondition.Precondition instance liquibase.precondition.core.PrimaryKeyExistsPrecondition
2026-01-01T12:23:41.125Z DEBUG 6428 --- [  restartedMain] liquibase.servicelocator                 : Loaded liquibase.precondition.Precondition instance liquibase.precondition.core.RowCountPrecondition
2026-01-01T12:23:41.126Z DEBUG 6428 --- [  restartedMain] liquibase.servicelocator                 : Loaded liquibase.precondition.Precondition instance liquibase.precondition.core.RunningAsPrecondition
2026-01-01T12:23:41.128Z DEBUG 6428 --- [  restartedMain] liquibase.servicelocator                 : Loaded liquibase.precondition.Precondition instance liquibase.precondition.core.SequenceExistsPrecondition
2026-01-01T12:23:41.129Z DEBUG 6428 --- [  restartedMain] liquibase.servicelocator                 : Loaded liquibase.precondition.Precondition instance liquibase.precondition.core.SqlPrecondition
2026-01-01T12:23:41.130Z DEBUG 6428 --- [  restartedMain] liquibase.servicelocator                 : Loaded liquibase.precondition.Precondition instance liquibase.precondition.core.TableExistsPrecondition
2026-01-01T12:23:41.131Z DEBUG 6428 --- [  restartedMain] liquibase.servicelocator                 : Loaded liquibase.precondition.Precondition instance liquibase.precondition.core.TableIsEmptyPrecondition
2026-01-01T12:23:41.132Z DEBUG 6428 --- [  restartedMain] liquibase.servicelocator                 : Loaded liquibase.precondition.Precondition instance liquibase.precondition.core.UniqueConstraintExistsPrecondition
2026-01-01T12:23:41.134Z DEBUG 6428 --- [  restartedMain] liquibase.servicelocator                 : Loaded liquibase.precondition.Precondition instance liquibase.precondition.core.ViewExistsPrecondition
2026-01-01T12:23:41.179Z DEBUG 6428 --- [  restartedMain] liquibase.parser                         : Resolving XML entity name='null', publicId='null', baseURI='null', systemId='http://www.liquibase.org/xml/ns/dbchangelog/dbchangelog-3.8.xsd'
2026-01-01T12:23:41.269Z ERROR 6428 --- [  restartedMain] liquibase.parser                         : cvc-complex-type.2.3: Element 'insert' cannot have character [children], because the type's content type is element-only.
2026-01-01T12:23:41.270Z  INFO 6428 --- [  restartedMain] liquibase.command                        : Command execution complete
2026-01-01T12:23:41.272Z  WARN 6428 --- [  restartedMain] ConfigServletWebServerApplicationContext : Exception encountered during context initialization - cancelling refresh attempt: org.springframework.beans.factory.BeanCreationException: Error creating bean with name 'liquibase' defined in class path resource [org/springframework/boot/autoconfigure/liquibase/LiquibaseAutoConfiguration$LiquibaseConfiguration.class]: liquibase.exception.ChangeLogParseException: Error parsing line 109 column 18 of classpath:db/changelog/db.changelog-master.xml: cvc-complex-type.2.3: Element 'insert' cannot have character [children], because the type's content type is element-only.
2026-01-01T12:23:41.272Z  INFO 6428 --- [  restartedMain] com.zaxxer.hikari.HikariDataSource       : HikariPool-1 - Shutdown initiated...
2026-01-01T12:23:41.276Z  INFO 6428 --- [  restartedMain] com.zaxxer.hikari.HikariDataSource       : HikariPool-1 - Shutdown completed.
2026-01-01T12:23:41.279Z  INFO 6428 --- [  restartedMain] o.apache.catalina.core.StandardService   : Stopping service [Tomcat]
2026-01-01T12:23:41.309Z  INFO 6428 --- [  restartedMain] .s.b.a.l.ConditionEvaluationReportLogger : 

Error starting ApplicationContext. To display the condition evaluation report re-run your application with 'debug' enabled.
2026-01-01T12:23:41.343Z ERROR 6428 --- [  restartedMain] o.s.boot.SpringApplication               : Application run failed

org.springframework.beans.factory.BeanCreationException: Error creating bean with name 'liquibase' defined in class path resource [org/springframework/boot/autoconfigure/liquibase/LiquibaseAutoConfiguration$LiquibaseConfiguration.class]: liquibase.exception.ChangeLogParseException: Error parsing line 109 column 18 of classpath:db/changelog/db.changelog-master.xml: cvc-complex-type.2.3: Element 'insert' cannot have character [children], because the type's content type is element-only.
	at org.springframework.beans.factory.support.AbstractAutowireCapableBeanFactory.initializeBean(AbstractAutowireCapableBeanFactory.java:1775) ~[spring-beans-6.1.1.jar:6.1.1]
	at org.springframework.beans.factory.support.AbstractAutowireCapableBeanFactory.doCreateBean(AbstractAutowireCapableBeanFactory.java:601) ~[spring-beans-6.1.1.jar:6.1.1]
	at org.springframework.beans.factory.support.AbstractAutowireCapableBeanFactory.createBean(AbstractAutowireCapableBeanFactory.java:523) ~[spring-beans-6.1.1.jar:6.1.1]
	at org.springframework.beans.factory.support.AbstractBeanFactory.lambda$doGetBean$0(AbstractBeanFactory.java:325) ~[spring-beans-6.1.1.jar:6.1.1]
	at org.springframework.beans.factory.support.DefaultSingletonBeanRegistry.getSingleton(DefaultSingletonBeanRegistry.java:234) ~[spring-beans-6.1.1.jar:6.1.1]
	at org.springframework.beans.factory.support.AbstractBeanFactory.doGetBean(AbstractBeanFactory.java:323) ~[spring-beans-6.1.1.jar:6.1.1]
	at org.springframework.beans.factory.support.AbstractBeanFactory.getBean(AbstractBeanFactory.java:199) ~[spring-beans-6.1.1.jar:6.1.1]
	at org.springframework.beans.factory.support.AbstractBeanFactory.doGetBean(AbstractBeanFactory.java:312) ~[spring-beans-6.1.1.jar:6.1.1]
	at org.springframework.beans.factory.support.AbstractBeanFactory.getBean(AbstractBeanFactory.java:199) ~[spring-beans-6.1.1.jar:6.1.1]
	at org.springframework.context.support.AbstractApplicationContext.getBean(AbstractApplicationContext.java:1173) ~[spring-context-6.1.1.jar:6.1.1]
	at org.springframework.context.support.AbstractApplicationContext.finishBeanFactoryInitialization(AbstractApplicationContext.java:936) ~[spring-context-6.1.1.jar:6.1.1]
	at org.springframework.context.support.AbstractApplicationContext.refresh(AbstractApplicationContext.java:616) ~[spring-context-6.1.1.jar:6.1.1]
	at org.springframework.boot.web.servlet.context.ServletWebServerApplicationContext.refresh(ServletWebServerApplicationContext.java:146) ~[spring-boot-3.2.0.jar:3.2.0]
	at org.springframework.boot.SpringApplication.refresh(SpringApplication.java:753) ~[spring-boot-3.2.0.jar:3.2.0]
	at org.springframework.boot.SpringApplication.refreshContext(SpringApplication.java:455) ~[spring-boot-3.2.0.jar:3.2.0]
	at org.springframework.boot.SpringApplication.run(SpringApplication.java:323) ~[spring-boot-3.2.0.jar:3.2.0]
	at org.springframework.boot.SpringApplication.run(SpringApplication.java:1342) ~[spring-boot-3.2.0.jar:3.2.0]
	at org.springframework.boot.SpringApplication.run(SpringApplication.java:1331) ~[spring-boot-3.2.0.jar:3.2.0]
	at com.momentsmanager.MomentsManagerApplication.main(MomentsManagerApplication.java:11) ~[classes/:na]
	at java.base/jdk.internal.reflect.DirectMethodHandleAccessor.invoke(DirectMethodHandleAccessor.java:103) ~[na:na]
	at java.base/java.lang.reflect.Method.invoke(Method.java:580) ~[na:na]
	at org.springframework.boot.devtools.restart.RestartLauncher.run(RestartLauncher.java:50) ~[spring-boot-devtools-3.2.0.jar:3.2.0]
Caused by: liquibase.exception.CommandExecutionException: liquibase.exception.ChangeLogParseException: Error parsing line 109 column 18 of classpath:db/changelog/db.changelog-master.xml: cvc-complex-type.2.3: Element 'insert' cannot have character [children], because the type's content type is element-only.
	at liquibase.command.CommandScope.execute(CommandScope.java:237) ~[liquibase-core-4.24.0.jar:na]
	at liquibase.Liquibase.lambda$update$0(Liquibase.java:222) ~[liquibase-core-4.24.0.jar:na]
	at liquibase.Scope.lambda$child$0(Scope.java:184) ~[liquibase-core-4.24.0.jar:na]
	at liquibase.Scope.child(Scope.java:193) ~[liquibase-core-4.24.0.jar:na]
	at liquibase.Scope.child(Scope.java:183) ~[liquibase-core-4.24.0.jar:na]
	at liquibase.Scope.child(Scope.java:162) ~[liquibase-core-4.24.0.jar:na]
	at liquibase.Liquibase.runInScope(Liquibase.java:1371) ~[liquibase-core-4.24.0.jar:na]
	at liquibase.Liquibase.update(Liquibase.java:211) ~[liquibase-core-4.24.0.jar:na]
	at liquibase.Liquibase.update(Liquibase.java:193) ~[liquibase-core-4.24.0.jar:na]
	at liquibase.integration.spring.SpringLiquibase.performUpdate(SpringLiquibase.java:331) ~[liquibase-core-4.24.0.jar:na]
	at liquibase.integration.spring.SpringLiquibase.afterPropertiesSet(SpringLiquibase.java:286) ~[liquibase-core-4.24.0.jar:na]
	at org.springframework.beans.factory.support.AbstractAutowireCapableBeanFactory.invokeInitMethods(AbstractAutowireCapableBeanFactory.java:1822) ~[spring-beans-6.1.1.jar:6.1.1]
	at org.springframework.beans.factory.support.AbstractAutowireCapableBeanFactory.initializeBean(AbstractAutowireCapableBeanFactory.java:1771) ~[spring-beans-6.1.1.jar:6.1.1]
	... 21 common frames omitted
Caused by: liquibase.exception.ChangeLogParseException: Error parsing line 109 column 18 of classpath:db/changelog/db.changelog-master.xml: cvc-complex-type.2.3: Element 'insert' cannot have character [children], because the type's content type is element-only.
	at liquibase.parser.core.xml.XMLChangeLogSAXParser.parseToNode(XMLChangeLogSAXParser.java:130) ~[liquibase-core-4.24.0.jar:na]
	at liquibase.parser.core.xml.AbstractChangeLogParser.parse(AbstractChangeLogParser.java:15) ~[liquibase-core-4.24.0.jar:na]
	at liquibase.command.core.helpers.DatabaseChangelogCommandStep.lambda$getDatabaseChangeLog$0(DatabaseChangelogCommandStep.java:129) ~[liquibase-core-4.24.0.jar:na]
	at liquibase.Scope.child(Scope.java:193) ~[liquibase-core-4.24.0.jar:na]
	at liquibase.Scope.child(Scope.java:169) ~[liquibase-core-4.24.0.jar:na]
	at liquibase.command.core.helpers.DatabaseChangelogCommandStep.getDatabaseChangeLog(DatabaseChangelogCommandStep.java:128) ~[liquibase-core-4.24.0.jar:na]
	at liquibase.command.core.helpers.DatabaseChangelogCommandStep.run(DatabaseChangelogCommandStep.java:87) ~[liquibase-core-4.24.0.jar:na]
	at liquibase.command.CommandScope.execute(CommandScope.java:214) ~[liquibase-core-4.24.0.jar:na]
	... 33 common frames omitted
Caused by: org.xml.sax.SAXParseException: cvc-complex-type.2.3: Element 'insert' cannot have character [children], because the type's content type is element-only.
	at java.xml/com.sun.org.apache.xerces.internal.util.ErrorHandlerWrapper.createSAXParseException(ErrorHandlerWrapper.java:204) ~[na:na]
	at java.xml/com.sun.org.apache.xerces.internal.util.ErrorHandlerWrapper.error(ErrorHandlerWrapper.java:135) ~[na:na]
	at java.xml/com.sun.org.apache.xerces.internal.impl.XMLErrorReporter.reportError(XMLErrorReporter.java:396) ~[na:na]
	at java.xml/com.sun.org.apache.xerces.internal.impl.XMLErrorReporter.reportError(XMLErrorReporter.java:327) ~[na:na]
	at java.xml/com.sun.org.apache.xerces.internal.impl.XMLErrorReporter.reportError(XMLErrorReporter.java:284) ~[na:na]
	at java.xml/com.sun.org.apache.xerces.internal.impl.xs.XMLSchemaValidator$XSIErrorReporter.reportError(XMLSchemaValidator.java:512) ~[na:na]
	at java.xml/com.sun.org.apache.xerces.internal.impl.xs.XMLSchemaValidator.reportSchemaError(XMLSchemaValidator.java:3596) ~[na:na]
	at java.xml/com.sun.org.apache.xerces.internal.impl.xs.XMLSchemaValidator.elementLocallyValidComplexType(XMLSchemaValidator.java:3481) ~[na:na]
	at java.xml/com.sun.org.apache.xerces.internal.impl.xs.XMLSchemaValidator.elementLocallyValidType(XMLSchemaValidator.java:3441) ~[na:na]
	at java.xml/com.sun.org.apache.xerces.internal.impl.xs.XMLSchemaValidator.processElementContent(XMLSchemaValidator.java:3343) ~[na:na]
	at java.xml/com.sun.org.apache.xerces.internal.impl.xs.XMLSchemaValidator.handleEndElement(XMLSchemaValidator.java:2373) ~[na:na]
	at java.xml/com.sun.org.apache.xerces.internal.impl.xs.XMLSchemaValidator.endElement(XMLSchemaValidator.java:944) ~[na:na]
	at java.xml/com.sun.org.apache.xerces.internal.impl.XMLDocumentFragmentScannerImpl.scanEndElement(XMLDocumentFragmentScannerImpl.java:1728) ~[na:na]
	at java.xml/com.sun.org.apache.xerces.internal.impl.XMLDocumentFragmentScannerImpl$FragmentContentDriver.next(XMLDocumentFragmentScannerImpl.java:2899) ~[na:na]
	at java.xml/com.sun.org.apache.xerces.internal.impl.XMLDocumentScannerImpl.next(XMLDocumentScannerImpl.java:605) ~[na:na]
	at java.xml/com.sun.org.apache.xerces.internal.impl.XMLNSDocumentScannerImpl.next(XMLNSDocumentScannerImpl.java:114) ~[na:na]
	at java.xml/com.sun.org.apache.xerces.internal.impl.XMLDocumentFragmentScannerImpl.scanDocument(XMLDocumentFragmentScannerImpl.java:542) ~[na:na]
	at java.xml/com.sun.org.apache.xerces.internal.parsers.XML11Configuration.parse(XML11Configuration.java:889) ~[na:na]
	at java.xml/com.sun.org.apache.xerces.internal.parsers.XML11Configuration.parse(XML11Configuration.java:825) ~[na:na]
	at java.xml/com.sun.org.apache.xerces.internal.parsers.XMLParser.parse(XMLParser.java:141) ~[na:na]
	at java.xml/com.sun.org.apache.xerces.internal.parsers.AbstractSAXParser.parse(AbstractSAXParser.java:1224) ~[na:na]
	at java.xml/com.sun.org.apache.xerces.internal.jaxp.SAXParserImpl$JAXPSAXParser.parse(SAXParserImpl.java:637) ~[na:na]
	at liquibase.parser.core.xml.XMLChangeLogSAXParser.parseToNode(XMLChangeLogSAXParser.java:121) ~[liquibase-core-4.24.0.jar:na]
	... 40 common frames omitted

[[1;34mINFO[m] [1m------------------------------------------------------------------------[m
[[1;34mINFO[m] [1;32mBUILD SUCCESS[m
[[1;34mINFO[m] [1m------------------------------------------------------------------------[m
[[1;34mINFO[m] Total time:  15.802 s
[[1;34mINFO[m] Finished at: 2026-01-01T12:23:41Z
[[1;34mINFO[m] [1m------------------------------------------------------------------------[m
